#! /usr/bin/vvp
:ivl_version "10.1 (stable)";
:ivl_delay_selection "TYPICAL";
:vpi_time_precision - 12;
:vpi_module "system";
:vpi_module "vhdl_sys";
:vpi_module "v2005_math";
:vpi_module "va_math";
S_0x56434c570710 .scope module, "PRE_DEC" "PRE_DEC" 2 152;
 .timescale -9 -12;
    .port_info 0 /INPUT 16 "data_in"
    .port_info 1 /INPUT 1 "rst"
    .port_info 2 /INPUT 1 "clk"
    .port_info 3 /INPUT 1 "we"
    .port_info 4 /INPUT 1 "Ctrl"
    .port_info 5 /OUTPUT 16 "data_out"
P_0x56434c5592f0 .param/l "N" 0 2 152, +C4<00000000000000000000000000010000>;
o0x7fab1a6e31f8 .functor BUFZ 1, C4<z>; HiZ drive
v0x56434c55b980_0 .net "Ctrl", 0 0, o0x7fab1a6e31f8;  0 drivers
L_0x7fab1a67c018 .functor BUFT 1, C4<0000000000000000>, C4<0>, C4<0>, C4<0>;
v0x56434c591bd0_0 .net/2u *"_s0", 15 0, L_0x7fab1a67c018;  1 drivers
o0x7fab1a6e3048 .functor BUFZ 1, C4<z>; HiZ drive
v0x56434c591cb0_0 .net "clk", 0 0, o0x7fab1a6e3048;  0 drivers
o0x7fab1a6e3258 .functor BUFZ 16, C4<zzzzzzzzzzzzzzzz>; HiZ drive
v0x56434c591d50_0 .net "data_in", 15 0, o0x7fab1a6e3258;  0 drivers
v0x56434c591df0_0 .var "data_out", 15 0;
v0x56434c591f20_0 .net "ff_to_sum", 15 0, v0x56434c573b60_0;  1 drivers
v0x56434c591fe0_0 .net "mux_o", 15 0, L_0x56434c5b57b0;  1 drivers
o0x7fab1a6e30a8 .functor BUFZ 1, C4<z>; HiZ drive
v0x56434c5920b0_0 .net "rst", 0 0, o0x7fab1a6e30a8;  0 drivers
v0x56434c592180_0 .net "sum", 15 0, L_0x56434c5b58d0;  1 drivers
o0x7fab1a6e30d8 .functor BUFZ 1, C4<z>; HiZ drive
v0x56434c592220_0 .net "we", 0 0, o0x7fab1a6e30d8;  0 drivers
L_0x56434c5b57b0 .functor MUXZ 16, o0x7fab1a6e3258, L_0x7fab1a67c018, o0x7fab1a6e31f8, C4<>;
L_0x56434c5b58d0 .arith/sum 16, o0x7fab1a6e3258, v0x56434c573b60_0;
S_0x56434c57aba0 .scope module, "ff" "FF" 2 177, 2 183 0, S_0x56434c570710;
 .timescale -9 -12;
    .port_info 0 /INPUT 16 "data_i"
    .port_info 1 /INPUT 1 "rst"
    .port_info 2 /INPUT 1 "clk"
    .port_info 3 /INPUT 1 "we"
    .port_info 4 /OUTPUT 16 "Q"
P_0x56434c571620 .param/l "N" 0 2 183, +C4<00000000000000000000000000010000>;
v0x56434c573b60_0 .var "Q", 15 0;
v0x56434c558460_0 .net "clk", 0 0, o0x7fab1a6e3048;  alias, 0 drivers
v0x56434c52d960_0 .net "data_i", 15 0, L_0x56434c5b57b0;  alias, 1 drivers
v0x56434c4f7550_0 .net "rst", 0 0, o0x7fab1a6e30a8;  alias, 0 drivers
v0x56434c559250_0 .net "we", 0 0, o0x7fab1a6e30d8;  alias, 0 drivers
E_0x56434c5571f0 .event posedge, v0x56434c558460_0;
S_0x56434c57ae00 .scope module, "SonarOnChip_behavioral_tb" "SonarOnChip_behavioral_tb" 3 11;
 .timescale -9 -12;
L_0x7fab1a67c2e8 .functor BUFT 1, C4<000000000000000000000000000000000000>, C4<0>, C4<0>, C4<0>;
v0x56434c5a4760_0 .net *"_s3", 35 0, L_0x7fab1a67c2e8;  1 drivers
v0x56434c5a4860_0 .var "io_in", -1 0;
v0x56434c5a4940_0 .net "io_oeb", -1 0, L_0x56434c5b8200;  1 drivers
v0x56434c5a4a30_0 .net "io_out", -1 0, L_0x56434c5b8160;  1 drivers
o0x7fab1a6e5bc8 .functor BUFZ 3, C4<zzz>; HiZ drive
v0x56434c5a4b10_0 .net "irq", 2 0, o0x7fab1a6e5bc8;  0 drivers
v0x56434c5a4c20_0 .var "la_data_in", 127 0;
o0x7fab1a6e5c28 .functor BUFZ 128, C4<zzzzzzzzzzzzzzzzzzzzzzzzzzzzzzzzzzzzzzzzzzzzzzzzzzzzzzzzzzzzzzzzzzzzzzzzzzzzzzzzzzzzzzzzzzzzzzzzzzzzzzzzzzzzzzzzzzzzzzzzzzzzzzzz>; HiZ drive
v0x56434c5a4cf0_0 .net "la_data_out", 127 0, o0x7fab1a6e5c28;  0 drivers
v0x56434c5a4dc0_0 .var "la_oenb", 127 0;
v0x56434c5a4e90_0 .var "pcm", 15 0;
v0x56434c5a4f50_0 .var "wb_clk_i", 0 0;
v0x56434c5a5020_0 .var "wb_rst_i", 0 0;
v0x56434c5a50f0_0 .net "wbs_ack_o", 0 0, L_0x56434c514110;  1 drivers
v0x56434c5a51c0_0 .var "wbs_adr_i", 31 0;
v0x56434c5a5290_0 .var "wbs_cyc_i", 0 0;
v0x56434c5a5360_0 .var "wbs_dat_i", 31 0;
v0x56434c5a5430_0 .net "wbs_dat_o", 31 0, L_0x56434c5b5e40;  1 drivers
v0x56434c5a5500_0 .var "wbs_sel_i", 3 0;
v0x56434c5a55d0_0 .var "wbs_stb_i", 0 0;
v0x56434c5a56a0_0 .var "wbs_we_i", 0 0;
L_0x56434c5b8070 .concat [ 2 36 0 0], v0x56434c5a4860_0, L_0x7fab1a67c2e8;
L_0x56434c5b8160 .part L_0x56434c5b82a0, 0, 2;
L_0x7fab1a67c060 .functor BUFT 1, C4<00000011111111111111110000000000000000>, C4<0>, C4<0>, C4<0>;
RS_0x7fab1a6e5b68 .resolv tri, L_0x7fab1a67c060, L_0x56434c5b6200;
L_0x56434c5b8200 .part RS_0x7fab1a6e5b68, 0, 2;
S_0x56434c592390 .scope module, "soc" "SonarOnChip" 3 39, 4 10 0, S_0x56434c57ae00;
 .timescale -9 -12;
    .port_info 0 /INPUT 1 "wb_clk_i"
    .port_info 1 /INPUT 1 "wb_rst_i"
    .port_info 2 /INPUT 1 "wbs_stb_i"
    .port_info 3 /INPUT 1 "wbs_cyc_i"
    .port_info 4 /INPUT 1 "wbs_we_i"
    .port_info 5 /INPUT 4 "wbs_sel_i"
    .port_info 6 /INPUT 32 "wbs_dat_i"
    .port_info 7 /INPUT 32 "wbs_adr_i"
    .port_info 8 /OUTPUT 1 "wbs_ack_o"
    .port_info 9 /OUTPUT 32 "wbs_dat_o"
    .port_info 10 /INPUT 128 "la_data_in"
    .port_info 11 /OUTPUT 128 "la_data_out"
    .port_info 12 /INPUT 128 "la_oenb"
    .port_info 13 /INPUT 38 "io_in"
    .port_info 14 /OUTPUT 38 "io_out"
    .port_info 15 /OUTPUT 38 "io_oeb"
    .port_info 16 /OUTPUT 3 "irq"
P_0x56434c4a3e40 .param/l "A0_ADDR" 0 5 2, C4<00000000000000000000000000000001>;
P_0x56434c4a3e80 .param/l "A1_ADDR" 0 5 3, C4<00000000000000000000000000000010>;
P_0x56434c4a3ec0 .param/l "A2_ADDR" 0 5 4, C4<00000000000000000000000000000011>;
P_0x56434c4a3f00 .param/l "AMP_ADDR" 0 5 7, C4<00000000000000000000000000000110>;
P_0x56434c4a3f40 .param/l "B1_ADDR" 0 5 5, C4<00000000000000000000000000000100>;
P_0x56434c4a3f80 .param/l "B2_ADDR" 0 5 6, C4<00000000000000000000000000000101>;
P_0x56434c4a3fc0 .param/l "CONTROL_ADDR" 0 5 1, C4<00000000000000000000000000000000>;
P_0x56434c4a4000 .param/l "THRESHOLD_ADDR" 0 5 8, C4<00000000000000000000000000000111>;
L_0x56434c50e6f0 .functor BUFZ 1, v0x56434c5a4f50_0, C4<0>, C4<0>, C4<0>;
L_0x56434c5104e0 .functor BUFZ 1, v0x56434c5a5020_0, C4<0>, C4<0>, C4<0>;
L_0x56434c5105f0 .functor BUFZ 1, L_0x56434c5b78e0, C4<0>, C4<0>, C4<0>;
L_0x56434c514110 .functor BUFZ 1, v0x56434c5a3fb0_0, C4<0>, C4<0>, C4<0>;
L_0x56434c4f64e0 .functor AND 1, v0x56434c5a5290_0, v0x56434c5a55d0_0, C4<1>, C4<1>;
L_0x56434c5b5d40 .functor AND 4, v0x56434c5a5500_0, L_0x56434c5b5c50, C4<1111>, C4<1111>;
o0x7fab1a6e5d48 .functor BUFZ 32, C4<zzzzzzzzzzzzzzzzzzzzzzzzzzzzzzzz>; HiZ drive
L_0x56434c5b5e40 .functor BUFZ 32, o0x7fab1a6e5d48, C4<00000000000000000000000000000000>, C4<00000000000000000000000000000000>, C4<00000000000000000000000000000000>;
L_0x56434c5b5f00 .functor BUFZ 32, v0x56434c5a5360_0, C4<00000000000000000000000000000000>, C4<00000000000000000000000000000000>, C4<00000000000000000000000000000000>;
L_0x56434c5b6100 .functor BUFZ 1, v0x56434c598b00_0, C4<0>, C4<0>, C4<0>;
L_0x56434c5b64d0 .functor BUFZ 16, v0x56434c595180_0, C4<0000000000000000>, C4<0000000000000000>, C4<0000000000000000>;
v0x56434c5a0f60_0 .net *"_s16", 3 0, L_0x56434c5b5c50;  1 drivers
v0x56434c5a1060_0 .net *"_s29", 0 0, L_0x56434c5b6100;  1 drivers
L_0x7fab1a67c0f0 .functor BUFT 1, C4<1>, C4<0>, C4<0>, C4<0>;
v0x56434c5a1140_0 .net/2u *"_s32", 0 0, L_0x7fab1a67c0f0;  1 drivers
v0x56434c5a1200_0 .net *"_s39", 0 0, L_0x56434c5b6e40;  1 drivers
L_0x7fab1a67c180 .functor BUFT 1, C4<0000000000000000>, C4<0>, C4<0>, C4<0>;
v0x56434c5a12e0_0 .net *"_s45", 15 0, L_0x7fab1a67c180;  1 drivers
L_0x7fab1a67c258 .functor BUFT 1, C4<00000000>, C4<0>, C4<0>, C4<0>;
v0x56434c5a13c0_0 .net *"_s52", 7 0, L_0x7fab1a67c258;  1 drivers
L_0x7fab1a67c2a0 .functor BUFT 1, C4<00000000>, C4<0>, C4<0>, C4<0>;
v0x56434c5a14a0_0 .net *"_s61", 7 0, L_0x7fab1a67c2a0;  1 drivers
o0x7fab1a6e5a18 .functor BUFZ 1, C4<z>; HiZ drive
; Elide local net with no drivers, v0x56434c5a1580_0 name=_s69
L_0x7fab1a67c330 .functor BUFT 1, C4<zzzzzzzzzzzzzz>, C4<0>, C4<0>, C4<0>;
v0x56434c5a1660_0 .net *"_s71", 13 0, L_0x7fab1a67c330;  1 drivers
o0x7fab1a6e5a78 .functor BUFZ 21, C4<zzzzzzzzzzzzzzzzzzzzz>; HiZ drive
; Elide local net with no drivers, v0x56434c5a1740_0 name=_s73
v0x56434c5a1820_0 .net *"_s9", 0 0, L_0x56434c5105f0;  1 drivers
v0x56434c5a1900_0 .var "a0", 15 0;
v0x56434c5a19c0_0 .var "a1", 15 0;
v0x56434c5a1a90_0 .var "a2", 15 0;
v0x56434c5a1b60_0 .var "amp", 15 0;
v0x56434c5a1c20_0 .var "b1", 15 0;
v0x56434c5a1d10_0 .var "b2", 15 0;
L_0x7fab1a67c0a8 .functor BUFT 1, C4<1>, C4<0>, C4<0>, C4<0>;
v0x56434c5a1de0_0 .net "ce", 0 0, L_0x7fab1a67c0a8;  1 drivers
v0x56434c5a1e80_0 .net "cic_out", 15 0, v0x56434c595180_0;  1 drivers
v0x56434c5a1f50_0 .net "clk", 0 0, L_0x56434c50e6f0;  1 drivers
v0x56434c5a1ff0_0 .net "compare_ch1_out", 0 0, L_0x56434c5b78e0;  1 drivers
v0x56434c5a20c0_0 .var "control", 15 0;
v0x56434c5a2160_0 .net "iir_data", 31 0, v0x56434c59fff0_0;  1 drivers
v0x56434c5a2250_0 .net "iir_valid", 0 0, v0x56434c5a0d40_0;  1 drivers
v0x56434c5a2320_0 .net "io_in", 37 0, L_0x56434c5b8070;  1 drivers
v0x56434c5a23c0_0 .net8 "io_oeb", 37 0, RS_0x7fab1a6e5b68;  2 drivers
v0x56434c5a24a0_0 .net "io_out", 37 0, L_0x56434c5b82a0;  1 drivers
v0x56434c5a2580_0 .net "irq", 2 0, o0x7fab1a6e5bc8;  alias, 0 drivers
v0x56434c5a2660_0 .net "la_data_in", 127 0, v0x56434c5a4c20_0;  1 drivers
v0x56434c5a2740_0 .net "la_data_out", 127 0, o0x7fab1a6e5c28;  alias, 0 drivers
v0x56434c5a2820_0 .net "la_oenb", 127 0, v0x56434c5a4dc0_0;  1 drivers
v0x56434c5a2900_0 .net "maf_o", 31 0, L_0x56434c5b75a0;  1 drivers
v0x56434c5a29c0_0 .net "mclk", 0 0, v0x56434c598b00_0;  1 drivers
v0x56434c5a2c70_0 .net "mic_in", 0 0, L_0x56434c5b6010;  1 drivers
v0x56434c5a2d10_0 .net "mul_i", 31 0, L_0x56434c5b6f30;  1 drivers
v0x56434c5a2de0_0 .net "mul_o", 31 0, L_0x56434c5b7100;  1 drivers
v0x56434c5a2ed0_0 .net "pcm32", 31 0, L_0x56434c5b6da0;  1 drivers
v0x56434c5a2f90_0 .net "pcm32abs", 31 0, L_0x56434c5b7460;  1 drivers
v0x56434c5a3080_0 .var "pcm_clk_div_reg", 7 0;
v0x56434c5a3160_0 .net "pcm_clkdiv_i", 7 0, v0x56434c5a3080_0;  1 drivers
v0x56434c5a3240_0 .net "pcm_clkdiv_o", 7 0, L_0x56434c5b7f80;  1 drivers
v0x56434c5a3300_0 .net "pcm_reg_i", 15 0, L_0x56434c5b64d0;  1 drivers
v0x56434c5a33d0_0 .net "pcm_reg_o", 15 0, v0x56434c59eff0_0;  1 drivers
v0x56434c5a3470_0 .var "pdm_clk_div_reg", 7 0;
v0x56434c5a3550_0 .net "pdm_clkdiv_i", 7 0, v0x56434c5a3470_0;  1 drivers
v0x56434c5a3630_0 .net "pdm_clkdiv_o", 7 0, L_0x56434c5b7cb0;  1 drivers
v0x56434c5a3720_0 .net "rdata", 31 0, o0x7fab1a6e5d48;  0 drivers
v0x56434c5a37e0_0 .net "rst", 0 0, L_0x56434c5104e0;  1 drivers
v0x56434c5a3880_0 .var "threshold", 31 0;
v0x56434c5a3970_0 .net "wb_clk_i", 0 0, v0x56434c5a4f50_0;  1 drivers
v0x56434c5a3a10_0 .net "wb_rst_i", 0 0, v0x56434c5a5020_0;  1 drivers
v0x56434c5a3ad0_0 .net "wb_valid", 0 0, L_0x56434c4f64e0;  1 drivers
v0x56434c5a3b90_0 .net "wbs_ack_o", 0 0, L_0x56434c514110;  alias, 1 drivers
v0x56434c5a3c50_0 .net "wbs_adr_i", 31 0, v0x56434c5a51c0_0;  1 drivers
v0x56434c5a3d30_0 .net "wbs_cyc_i", 0 0, v0x56434c5a5290_0;  1 drivers
v0x56434c5a3df0_0 .net "wbs_dat_i", 31 0, v0x56434c5a5360_0;  1 drivers
v0x56434c5a3ed0_0 .net "wbs_dat_o", 31 0, L_0x56434c5b5e40;  alias, 1 drivers
v0x56434c5a3fb0_0 .var "wbs_done", 0 0;
v0x56434c5a4070_0 .net "wbs_sel_i", 3 0, v0x56434c5a5500_0;  1 drivers
v0x56434c5a4150_0 .net "wbs_stb_i", 0 0, v0x56434c5a55d0_0;  1 drivers
v0x56434c5a4210_0 .net "wbs_we_i", 0 0, v0x56434c5a56a0_0;  1 drivers
v0x56434c5a42d0_0 .net "wdata", 31 0, L_0x56434c5b5f00;  1 drivers
v0x56434c5a43b0_0 .net "we_pcm", 0 0, v0x56434c598440_0;  1 drivers
v0x56434c5a4480_0 .net "wstrb", 3 0, L_0x56434c5b5d40;  1 drivers
L_0x56434c5b5c50 .concat [ 1 1 1 1], v0x56434c5a56a0_0, v0x56434c5a56a0_0, v0x56434c5a56a0_0, v0x56434c5a56a0_0;
L_0x56434c5b6010 .part L_0x56434c5b8070, 0, 1;
L_0x56434c5b6200 .part/pv L_0x7fab1a67c0f0, 1, 1, 38;
L_0x56434c5b67d0 .part v0x56434c5a20c0_0, 0, 1;
L_0x56434c5b6e40 .part L_0x56434c5b8070, 4, 1;
L_0x56434c5b6f30 .functor MUXZ 32, v0x56434c59fff0_0, L_0x56434c5b6da0, L_0x56434c5b6e40, C4<>;
L_0x56434c5b71a0 .concat [ 16 16 0 0], v0x56434c5a1b60_0, L_0x7fab1a67c180;
L_0x56434c5b7a90 .concat [ 8 8 0 0], v0x56434c5a3470_0, L_0x7fab1a67c258;
L_0x56434c5b7cb0 .part v0x56434c5936c0_0, 0, 8;
L_0x56434c5b7e30 .concat [ 8 8 0 0], v0x56434c5a3080_0, L_0x7fab1a67c2a0;
L_0x56434c5b7f80 .part v0x56434c592f00_0, 0, 8;
LS_0x56434c5b82a0_0_0 .concat [ 1 1 14 1], o0x7fab1a6e5a18, L_0x56434c5b6100, L_0x7fab1a67c330, L_0x56434c5105f0;
LS_0x56434c5b82a0_0_4 .concat [ 21 0 0 0], o0x7fab1a6e5a78;
L_0x56434c5b82a0 .concat [ 17 21 0 0], LS_0x56434c5b82a0_0_0, LS_0x56434c5b82a0_0_4;
S_0x56434c592ad0 .scope module, "PCM_clkdiv_reg" "REG" 4 227, 6 9 0, S_0x56434c592390;
 .timescale -9 -12;
    .port_info 0 /INPUT 1 "clk"
    .port_info 1 /INPUT 1 "rst"
    .port_info 2 /INPUT 1 "ce"
    .port_info 3 /INPUT 16 "D"
    .port_info 4 /OUTPUT 16 "Q"
P_0x56434c592cc0 .param/l "n" 0 6 10, +C4<00000000000000000000000000010000>;
v0x56434c592e00_0 .net "D", 15 0, L_0x56434c5b7e30;  1 drivers
v0x56434c592f00_0 .var "Q", 15 0;
v0x56434c592fe0_0 .net "ce", 0 0, L_0x7fab1a67c0a8;  alias, 1 drivers
v0x56434c5930b0_0 .net "clk", 0 0, L_0x56434c50e6f0;  alias, 1 drivers
v0x56434c593170_0 .net "rst", 0 0, L_0x56434c5104e0;  alias, 1 drivers
E_0x56434c567cd0 .event posedge, v0x56434c5930b0_0;
S_0x56434c593320 .scope module, "PDM_clkdiv_reg" "REG" 4 218, 6 9 0, S_0x56434c592390;
 .timescale -9 -12;
    .port_info 0 /INPUT 1 "clk"
    .port_info 1 /INPUT 1 "rst"
    .port_info 2 /INPUT 1 "ce"
    .port_info 3 /INPUT 16 "D"
    .port_info 4 /OUTPUT 16 "Q"
P_0x56434c593510 .param/l "n" 0 6 10, +C4<00000000000000000000000000010000>;
v0x56434c5935e0_0 .net "D", 15 0, L_0x56434c5b7a90;  1 drivers
v0x56434c5936c0_0 .var "Q", 15 0;
v0x56434c5937a0_0 .net "ce", 0 0, L_0x7fab1a67c0a8;  alias, 1 drivers
v0x56434c5938a0_0 .net "clk", 0 0, L_0x56434c50e6f0;  alias, 1 drivers
v0x56434c593970_0 .net "rst", 0 0, L_0x56434c5104e0;  alias, 1 drivers
S_0x56434c593ab0 .scope module, "abs" "Abs" 4 184, 7 4 0, S_0x56434c592390;
 .timescale -9 -12;
    .port_info 0 /INPUT 32 "data_in"
    .port_info 1 /OUTPUT 32 "data_out"
P_0x56434c593c80 .param/l "n" 0 7 5, +C4<00000000000000000000000000100000>;
L_0x56434c5b7380 .functor NOT 1, L_0x56434c5b72e0, C4<0>, C4<0>, C4<0>;
L_0x56434c5b73f0 .functor NOT 32, L_0x56434c5b7100, C4<00000000000000000000000000000000>, C4<00000000000000000000000000000000>, C4<00000000000000000000000000000000>;
v0x56434c593d50_0 .net *"_s1", 0 0, L_0x56434c5b72e0;  1 drivers
v0x56434c593e50_0 .net *"_s2", 0 0, L_0x56434c5b7380;  1 drivers
v0x56434c593f30_0 .net *"_s4", 31 0, L_0x56434c5b73f0;  1 drivers
v0x56434c594020_0 .net "data_in", 31 0, L_0x56434c5b7100;  alias, 1 drivers
v0x56434c594100_0 .net "data_out", 31 0, L_0x56434c5b7460;  alias, 1 drivers
L_0x56434c5b72e0 .part L_0x56434c5b7100, 31, 1;
L_0x56434c5b7460 .functor MUXZ 32, L_0x56434c5b73f0, L_0x56434c5b7100, L_0x56434c5b7380, C4<>;
S_0x56434c594290 .scope module, "cicmodule" "RSS0" 4 154, 2 10 0, S_0x56434c592390;
 .timescale -9 -12;
    .port_info 0 /INPUT 1 "clk"
    .port_info 1 /INPUT 1 "we"
    .port_info 2 /INPUT 1 "rst"
    .port_info 3 /INPUT 1 "data_in"
    .port_info 4 /OUTPUT 16 "data_out"
P_0x56434c594460 .param/l "N" 0 2 10, +C4<00000000000000000000000000010000>;
L_0x7fab1a67c138 .functor BUFT 1, C4<000000000000000>, C4<0>, C4<0>, C4<0>;
v0x56434c594e60_0 .net *"_s3", 14 0, L_0x7fab1a67c138;  1 drivers
v0x56434c594f60_0 .net "clk", 0 0, L_0x56434c50e6f0;  alias, 1 drivers
v0x56434c595020_0 .net "data_N_in", 15 0, L_0x56434c5b62f0;  1 drivers
v0x56434c5950c0_0 .net "data_in", 0 0, L_0x56434c5b6010;  alias, 1 drivers
v0x56434c595180_0 .var "data_out", 15 0;
v0x56434c5952b0_0 .net/s "dec_out", 15 0, v0x56434c594a20_0;  1 drivers
v0x56434c595370_0 .var "ff0", 15 0;
v0x56434c595430_0 .var "ff1", 15 0;
v0x56434c595510_0 .var "ff10", 15 0;
v0x56434c5955f0_0 .var "ff11", 15 0;
v0x56434c5956d0_0 .var "ff12", 15 0;
v0x56434c5957b0_0 .var "ff13", 15 0;
v0x56434c595890_0 .var "ff14", 15 0;
v0x56434c595970_0 .var "ff15", 15 0;
v0x56434c595a50_0 .var "ff16", 15 0;
v0x56434c595b30_0 .var "ff17", 15 0;
v0x56434c595c10_0 .var "ff18", 15 0;
v0x56434c595cf0_0 .var "ff19", 15 0;
v0x56434c595dd0_0 .var "ff2", 15 0;
v0x56434c595eb0_0 .var "ff20", 15 0;
v0x56434c595f90_0 .var "ff21", 15 0;
v0x56434c596070_0 .var "ff22", 15 0;
v0x56434c596150_0 .var "ff23", 15 0;
v0x56434c596230_0 .var "ff24", 15 0;
v0x56434c596310_0 .var "ff25", 15 0;
v0x56434c5963f0_0 .var "ff26", 15 0;
v0x56434c5964d0_0 .var "ff27", 15 0;
v0x56434c5965b0_0 .var "ff28", 15 0;
v0x56434c596690_0 .var "ff29", 15 0;
v0x56434c596770_0 .var "ff3", 15 0;
v0x56434c596850_0 .var "ff30", 15 0;
v0x56434c596930_0 .var "ff31", 15 0;
v0x56434c596a10_0 .var "ff32", 15 0;
v0x56434c596d00_0 .var "ff4", 15 0;
v0x56434c596de0_0 .var "ff5", 15 0;
v0x56434c596ec0_0 .var "ff6", 15 0;
v0x56434c596fa0_0 .var "ff7", 15 0;
v0x56434c597080_0 .var "ff8", 15 0;
v0x56434c597160_0 .var "ff9", 15 0;
v0x56434c597240_0 .net "rst", 0 0, L_0x56434c5104e0;  alias, 1 drivers
v0x56434c5972e0_0 .net/s "sum0", 15 0, L_0x56434c5b6430;  1 drivers
v0x56434c5973c0_0 .net/s "sum1", 15 0, L_0x56434c5b6590;  1 drivers
v0x56434c597480_0 .net "we", 0 0, v0x56434c598b00_0;  alias, 1 drivers
L_0x56434c5b62f0 .concat [ 1 15 0 0], L_0x56434c5b6010, L_0x7fab1a67c138;
L_0x56434c5b6430 .arith/sub 16, L_0x56434c5b62f0, v0x56434c596930_0;
L_0x56434c5b6590 .arith/sum 16, L_0x56434c5b6430, v0x56434c596a10_0;
S_0x56434c594530 .scope module, "dec" "DEC" 2 146, 2 200 0, S_0x56434c594290;
 .timescale -9 -12;
    .port_info 0 /INPUT 1 "clk"
    .port_info 1 /INPUT 1 "we"
    .port_info 2 /INPUT 1 "rst"
    .port_info 3 /INPUT 16 "data_in"
    .port_info 4 /OUTPUT 16 "data_out"
P_0x56434c5791c0 .param/l "N" 0 2 200, +C4<00000000000000000000000000010000>;
P_0x56434c579200 .param/l "R" 0 2 200, +C4<00000000000000000000000000001010>;
v0x56434c594830_0 .net "clk", 0 0, L_0x56434c50e6f0;  alias, 1 drivers
v0x56434c594940_0 .net "data_in", 15 0, L_0x56434c5b6590;  alias, 1 drivers
v0x56434c594a20_0 .var "data_out", 15 0;
v0x56434c594ae0_0 .var "local_counter", 3 0;
v0x56434c594bc0_0 .net "rst", 0 0, L_0x56434c5104e0;  alias, 1 drivers
v0x56434c594d00_0 .net "we", 0 0, v0x56434c598b00_0;  alias, 1 drivers
S_0x56434c5975e0 .scope module, "comp" "comparator" 4 209, 8 4 0, S_0x56434c592390;
 .timescale -9 -12;
    .port_info 0 /INPUT 32 "data_i"
    .port_info 1 /INPUT 32 "threshold"
    .port_info 2 /OUTPUT 1 "compare_o"
P_0x56434c5977b0 .param/l "n" 0 8 4, +C4<00000000000000000000000000100000>;
v0x56434c5978c0_0 .net *"_s0", 0 0, L_0x56434c5b77b0;  1 drivers
L_0x7fab1a67c1c8 .functor BUFT 1, C4<1>, C4<0>, C4<0>, C4<0>;
v0x56434c5979a0_0 .net/2u *"_s2", 0 0, L_0x7fab1a67c1c8;  1 drivers
L_0x7fab1a67c210 .functor BUFT 1, C4<0>, C4<0>, C4<0>, C4<0>;
v0x56434c597a80_0 .net/2u *"_s4", 0 0, L_0x7fab1a67c210;  1 drivers
v0x56434c597b40_0 .net "compare_o", 0 0, L_0x56434c5b78e0;  alias, 1 drivers
v0x56434c597c00_0 .net "data_i", 31 0, L_0x56434c5b75a0;  alias, 1 drivers
v0x56434c597d30_0 .net "threshold", 31 0, v0x56434c5a3880_0;  1 drivers
L_0x56434c5b77b0 .cmp/ge 32, L_0x56434c5b75a0, v0x56434c5a3880_0;
L_0x56434c5b78e0 .functor MUXZ 1, L_0x7fab1a67c210, L_0x7fab1a67c1c8, L_0x56434c5b77b0, C4<>;
S_0x56434c597e90 .scope module, "divpcm" "CLOCK_DIVIDER" 4 228, 9 4 0, S_0x56434c592390;
 .timescale -9 -12;
    .port_info 0 /INPUT 1 "clk"
    .port_info 1 /INPUT 1 "rst"
    .port_info 2 /INPUT 8 "C"
    .port_info 3 /OUTPUT 1 "we_pcm"
P_0x56434c598060 .param/l "N" 0 9 4, +C4<00000000000000000000000000001000>;
v0x56434c598130_0 .net "C", 7 0, L_0x56434c5b7f80;  alias, 1 drivers
v0x56434c598210_0 .net "clk", 0 0, L_0x56434c50e6f0;  alias, 1 drivers
v0x56434c5982d0_0 .var "count", 7 0;
v0x56434c5983a0_0 .net "rst", 0 0, L_0x56434c5104e0;  alias, 1 drivers
v0x56434c598440_0 .var "we_pcm", 0 0;
S_0x56434c598580 .scope module, "divpdm" "CLOCK_DIVIDER" 4 219, 9 4 0, S_0x56434c592390;
 .timescale -9 -12;
    .port_info 0 /INPUT 1 "clk"
    .port_info 1 /INPUT 1 "rst"
    .port_info 2 /INPUT 8 "C"
    .port_info 3 /OUTPUT 1 "we_pcm"
P_0x56434c598700 .param/l "N" 0 9 4, +C4<00000000000000000000000000001000>;
v0x56434c5987d0_0 .net "C", 7 0, L_0x56434c5b7cb0;  alias, 1 drivers
v0x56434c5988d0_0 .net "clk", 0 0, L_0x56434c50e6f0;  alias, 1 drivers
v0x56434c598990_0 .var "count", 7 0;
v0x56434c598a60_0 .net "rst", 0 0, L_0x56434c5104e0;  alias, 1 drivers
v0x56434c598b00_0 .var "we_pcm", 0 0;
S_0x56434c598cc0 .scope module, "maf" "MAF_FILTER" 4 204, 10 19 0, S_0x56434c592390;
 .timescale -9 -12;
    .port_info 0 /INPUT 1 "clk"
    .port_info 1 /INPUT 1 "rst"
    .port_info 2 /INPUT 1 "we"
    .port_info 3 /INPUT 32 "data_in"
    .port_info 4 /OUTPUT 32 "data_out"
L_0x56434c5b75a0 .functor BUFZ 32, v0x56434c59db10_0, C4<00000000000000000000000000000000>, C4<00000000000000000000000000000000>, C4<00000000000000000000000000000000>;
L_0x56434c5b7660 .functor BUFZ 32, L_0x56434c5b7460, C4<00000000000000000000000000000000>, C4<00000000000000000000000000000000>, C4<00000000000000000000000000000000>;
v0x56434c59de10_0 .net "clk", 0 0, L_0x56434c50e6f0;  alias, 1 drivers
v0x56434c59ded0 .array "connect_wire", 0 4;
v0x56434c59ded0_0 .net v0x56434c59ded0 0, 31 0, L_0x56434c5b7660; 1 drivers
v0x56434c59ded0_1 .net v0x56434c59ded0 1, 31 0, v0x56434c5994f0_0; 1 drivers
v0x56434c59ded0_2 .net v0x56434c59ded0 2, 31 0, v0x56434c59a880_0; 1 drivers
v0x56434c59ded0_3 .net v0x56434c59ded0 3, 31 0, v0x56434c59bd40_0; 1 drivers
v0x56434c59ded0_4 .net v0x56434c59ded0 4, 31 0, v0x56434c59d130_0; 1 drivers
v0x56434c59e010 .array "connect_wire_adder", 0 2;
v0x56434c59e010_0 .net v0x56434c59e010 0, 31 0, v0x56434c599ee0_0; 1 drivers
v0x56434c59e010_1 .net v0x56434c59e010 1, 31 0, v0x56434c59b2d0_0; 1 drivers
v0x56434c59e010_2 .net v0x56434c59e010 2, 31 0, v0x56434c59c6d0_0; 1 drivers
v0x56434c59e1a0 .array "connect_wire_shifter", 0 1;
v0x56434c59e1a0_0 .net v0x56434c59e1a0 0, 31 0, v0x56434c59db10_0; 1 drivers
o0x7fab1a6e5028 .functor BUFZ 32, C4<zzzzzzzzzzzzzzzzzzzzzzzzzzzzzzzz>; HiZ drive
v0x56434c59e1a0_1 .net v0x56434c59e1a0 1, 31 0, o0x7fab1a6e5028; 0 drivers
v0x56434c59e280_0 .net "data_in", 31 0, L_0x56434c5b7460;  alias, 1 drivers
v0x56434c59e390_0 .net "data_out", 31 0, L_0x56434c5b75a0;  alias, 1 drivers
v0x56434c59e430_0 .net "rst", 0 0, L_0x56434c5104e0;  alias, 1 drivers
v0x56434c59e4d0_0 .net "we", 0 0, L_0x7fab1a67c0a8;  alias, 1 drivers
S_0x56434c598e90 .scope generate, "genblk1[1]" "genblk1[1]" 10 38, 10 38 0, S_0x56434c598cc0;
 .timescale -9 -12;
P_0x56434c5990a0 .param/l "i" 0 10 38, +C4<01>;
S_0x56434c599180 .scope module, "DFF" "dff" 10 39, 10 54 0, S_0x56434c598e90;
 .timescale -9 -12;
    .port_info 0 /INPUT 1 "clk"
    .port_info 1 /INPUT 1 "rst"
    .port_info 2 /INPUT 1 "we"
    .port_info 3 /INPUT 32 "d"
    .port_info 4 /OUTPUT 32 "q"
v0x56434c599350_0 .net "clk", 0 0, L_0x56434c50e6f0;  alias, 1 drivers
v0x56434c599410_0 .net "d", 31 0, L_0x56434c5b7660;  alias, 1 drivers
v0x56434c5994f0_0 .var "q", 31 0;
v0x56434c5995e0_0 .net "rst", 0 0, L_0x56434c5104e0;  alias, 1 drivers
v0x56434c599680_0 .net "we", 0 0, L_0x7fab1a67c0a8;  alias, 1 drivers
S_0x56434c599860 .scope generate, "genblk2" "genblk2" 10 40, 10 40 0, S_0x56434c598e90;
 .timescale -9 -12;
S_0x56434c599a50 .scope module, "ADD" "adder" 10 41, 10 78 0, S_0x56434c599860;
 .timescale -9 -12;
    .port_info 0 /INPUT 1 "clk"
    .port_info 1 /INPUT 1 "rst"
    .port_info 2 /INPUT 1 "we"
    .port_info 3 /INPUT 32 "data_in_a"
    .port_info 4 /INPUT 32 "data_in_b"
    .port_info 5 /OUTPUT 32 "data_out_adder"
v0x56434c599cc0_0 .net "clk", 0 0, L_0x56434c50e6f0;  alias, 1 drivers
v0x56434c599d80_0 .net "data_in_a", 31 0, v0x56434c5994f0_0;  alias, 1 drivers
v0x56434c599e40_0 .net "data_in_b", 31 0, v0x56434c59a880_0;  alias, 1 drivers
v0x56434c599ee0_0 .var "data_out_adder", 31 0;
v0x56434c599fc0_0 .net "rst", 0 0, L_0x56434c5104e0;  alias, 1 drivers
v0x56434c59a0b0_0 .net "we", 0 0, L_0x7fab1a67c0a8;  alias, 1 drivers
S_0x56434c59a210 .scope generate, "genblk1[2]" "genblk1[2]" 10 38, 10 38 0, S_0x56434c598cc0;
 .timescale -9 -12;
P_0x56434c59a420 .param/l "i" 0 10 38, +C4<010>;
S_0x56434c59a4e0 .scope module, "DFF" "dff" 10 39, 10 54 0, S_0x56434c59a210;
 .timescale -9 -12;
    .port_info 0 /INPUT 1 "clk"
    .port_info 1 /INPUT 1 "rst"
    .port_info 2 /INPUT 1 "we"
    .port_info 3 /INPUT 32 "d"
    .port_info 4 /OUTPUT 32 "q"
v0x56434c59a6b0_0 .net "clk", 0 0, L_0x56434c50e6f0;  alias, 1 drivers
v0x56434c59a770_0 .net "d", 31 0, v0x56434c5994f0_0;  alias, 1 drivers
v0x56434c59a880_0 .var "q", 31 0;
v0x56434c59a950_0 .net "rst", 0 0, L_0x56434c5104e0;  alias, 1 drivers
v0x56434c59ab00_0 .net "we", 0 0, L_0x7fab1a67c0a8;  alias, 1 drivers
S_0x56434c59ac70 .scope generate, "genblk3" "genblk3" 10 42, 10 42 0, S_0x56434c59a210;
 .timescale -9 -12;
S_0x56434c59ae10 .scope module, "ADD" "adder" 10 43, 10 78 0, S_0x56434c59ac70;
 .timescale -9 -12;
    .port_info 0 /INPUT 1 "clk"
    .port_info 1 /INPUT 1 "rst"
    .port_info 2 /INPUT 1 "we"
    .port_info 3 /INPUT 32 "data_in_a"
    .port_info 4 /INPUT 32 "data_in_b"
    .port_info 5 /OUTPUT 32 "data_out_adder"
v0x56434c59b080_0 .net "clk", 0 0, L_0x56434c50e6f0;  alias, 1 drivers
v0x56434c59b140_0 .net "data_in_a", 31 0, v0x56434c599ee0_0;  alias, 1 drivers
v0x56434c59b200_0 .net "data_in_b", 31 0, v0x56434c59bd40_0;  alias, 1 drivers
v0x56434c59b2d0_0 .var "data_out_adder", 31 0;
v0x56434c59b3b0_0 .net "rst", 0 0, L_0x56434c5104e0;  alias, 1 drivers
v0x56434c59b4a0_0 .net "we", 0 0, L_0x7fab1a67c0a8;  alias, 1 drivers
S_0x56434c59b640 .scope generate, "genblk1[3]" "genblk1[3]" 10 38, 10 38 0, S_0x56434c598cc0;
 .timescale -9 -12;
P_0x56434c59b830 .param/l "i" 0 10 38, +C4<011>;
S_0x56434c59b8f0 .scope module, "DFF" "dff" 10 39, 10 54 0, S_0x56434c59b640;
 .timescale -9 -12;
    .port_info 0 /INPUT 1 "clk"
    .port_info 1 /INPUT 1 "rst"
    .port_info 2 /INPUT 1 "we"
    .port_info 3 /INPUT 32 "d"
    .port_info 4 /OUTPUT 32 "q"
v0x56434c59bb70_0 .net "clk", 0 0, L_0x56434c50e6f0;  alias, 1 drivers
v0x56434c59bc30_0 .net "d", 31 0, v0x56434c59a880_0;  alias, 1 drivers
v0x56434c59bd40_0 .var "q", 31 0;
v0x56434c59be10_0 .net "rst", 0 0, L_0x56434c5104e0;  alias, 1 drivers
v0x56434c59beb0_0 .net "we", 0 0, L_0x7fab1a67c0a8;  alias, 1 drivers
S_0x56434c59c020 .scope generate, "genblk3" "genblk3" 10 42, 10 42 0, S_0x56434c59b640;
 .timescale -9 -12;
S_0x56434c59c210 .scope module, "ADD" "adder" 10 43, 10 78 0, S_0x56434c59c020;
 .timescale -9 -12;
    .port_info 0 /INPUT 1 "clk"
    .port_info 1 /INPUT 1 "rst"
    .port_info 2 /INPUT 1 "we"
    .port_info 3 /INPUT 32 "data_in_a"
    .port_info 4 /INPUT 32 "data_in_b"
    .port_info 5 /OUTPUT 32 "data_out_adder"
v0x56434c59c480_0 .net "clk", 0 0, L_0x56434c50e6f0;  alias, 1 drivers
v0x56434c59c540_0 .net "data_in_a", 31 0, v0x56434c59b2d0_0;  alias, 1 drivers
v0x56434c59c600_0 .net "data_in_b", 31 0, v0x56434c59d130_0;  alias, 1 drivers
v0x56434c59c6d0_0 .var "data_out_adder", 31 0;
v0x56434c59c7b0_0 .net "rst", 0 0, L_0x56434c5104e0;  alias, 1 drivers
v0x56434c59c8a0_0 .net "we", 0 0, L_0x7fab1a67c0a8;  alias, 1 drivers
S_0x56434c59ca40 .scope generate, "genblk1[4]" "genblk1[4]" 10 38, 10 38 0, S_0x56434c598cc0;
 .timescale -9 -12;
P_0x56434c59cc30 .param/l "i" 0 10 38, +C4<0100>;
S_0x56434c59cd10 .scope module, "DFF" "dff" 10 39, 10 54 0, S_0x56434c59ca40;
 .timescale -9 -12;
    .port_info 0 /INPUT 1 "clk"
    .port_info 1 /INPUT 1 "rst"
    .port_info 2 /INPUT 1 "we"
    .port_info 3 /INPUT 32 "d"
    .port_info 4 /OUTPUT 32 "q"
v0x56434c59cf60_0 .net "clk", 0 0, L_0x56434c50e6f0;  alias, 1 drivers
v0x56434c59d020_0 .net "d", 31 0, v0x56434c59bd40_0;  alias, 1 drivers
v0x56434c59d130_0 .var "q", 31 0;
v0x56434c59d200_0 .net "rst", 0 0, L_0x56434c5104e0;  alias, 1 drivers
v0x56434c59d2a0_0 .net "we", 0 0, L_0x7fab1a67c0a8;  alias, 1 drivers
S_0x56434c59d520 .scope generate, "genblk4" "genblk4" 10 44, 10 44 0, S_0x56434c59ca40;
 .timescale -9 -12;
S_0x56434c59d710 .scope module, "shift" "shifter" 10 45, 10 102 0, S_0x56434c59d520;
 .timescale -9 -12;
    .port_info 0 /INPUT 1 "clk"
    .port_info 1 /INPUT 1 "rst"
    .port_info 2 /INPUT 1 "we"
    .port_info 3 /INPUT 32 "data_in_shifter"
    .port_info 4 /OUTPUT 32 "data_out_shifter"
v0x56434c59d960_0 .net "clk", 0 0, L_0x56434c50e6f0;  alias, 1 drivers
v0x56434c59da20_0 .net "data_in_shifter", 31 0, v0x56434c59c6d0_0;  alias, 1 drivers
v0x56434c59db10_0 .var "data_out_shifter", 31 0;
v0x56434c59dbe0_0 .net "rst", 0 0, L_0x56434c5104e0;  alias, 1 drivers
v0x56434c59dc80_0 .net "we", 0 0, L_0x7fab1a67c0a8;  alias, 1 drivers
S_0x56434c59e5f0 .scope module, "mul" "MULTI" 4 175, 11 5 0, S_0x56434c592390;
 .timescale -9 -12;
    .port_info 0 /INPUT 32 "data_i"
    .port_info 1 /INPUT 32 "amplify"
    .port_info 2 /OUTPUT 32 "multiplier_o"
P_0x56434c597760 .param/l "n" 0 11 5, +C4<00000000000000000000000000100000>;
v0x56434c59e880_0 .net "amplify", 31 0, L_0x56434c5b71a0;  1 drivers
v0x56434c59e980_0 .net "data_i", 31 0, L_0x56434c5b6f30;  alias, 1 drivers
v0x56434c59ea60_0 .net "multiplier_o", 31 0, L_0x56434c5b7100;  alias, 1 drivers
L_0x56434c5b7100 .arith/mult 32, L_0x56434c5b6f30, L_0x56434c5b71a0;
S_0x56434c59ebc0 .scope module, "pcm_reg" "REG" 4 162, 6 9 0, S_0x56434c592390;
 .timescale -9 -12;
    .port_info 0 /INPUT 1 "clk"
    .port_info 1 /INPUT 1 "rst"
    .port_info 2 /INPUT 1 "ce"
    .port_info 3 /INPUT 16 "D"
    .port_info 4 /OUTPUT 16 "Q"
P_0x56434c59ed90 .param/l "n" 0 6 10, +C4<00000000000000000000000000010000>;
v0x56434c59ef10_0 .net "D", 15 0, L_0x56434c5b64d0;  alias, 1 drivers
v0x56434c59eff0_0 .var "Q", 15 0;
v0x56434c59f0d0_0 .net "ce", 0 0, L_0x56434c5b67d0;  1 drivers
v0x56434c59f1a0_0 .net "clk", 0 0, L_0x56434c50e6f0;  alias, 1 drivers
v0x56434c59f240_0 .net "rst", 0 0, L_0x56434c5104e0;  alias, 1 drivers
S_0x56434c59f3d0 .scope module, "se" "signext" 4 167, 12 4 0, S_0x56434c592390;
 .timescale -9 -12;
    .port_info 0 /INPUT 16 "data_i"
    .port_info 1 /OUTPUT 32 "data_o"
v0x56434c59f5c0_0 .net *"_s1", 0 0, L_0x56434c5b68a0;  1 drivers
v0x56434c59f6c0_0 .net *"_s2", 15 0, L_0x56434c5b69d0;  1 drivers
v0x56434c59f7a0_0 .net "data_i", 15 0, v0x56434c59eff0_0;  alias, 1 drivers
v0x56434c59f870_0 .net "data_o", 31 0, L_0x56434c5b6da0;  alias, 1 drivers
L_0x56434c5b68a0 .part v0x56434c59eff0_0, 15, 1;
LS_0x56434c5b69d0_0_0 .concat [ 1 1 1 1], L_0x56434c5b68a0, L_0x56434c5b68a0, L_0x56434c5b68a0, L_0x56434c5b68a0;
LS_0x56434c5b69d0_0_4 .concat [ 1 1 1 1], L_0x56434c5b68a0, L_0x56434c5b68a0, L_0x56434c5b68a0, L_0x56434c5b68a0;
LS_0x56434c5b69d0_0_8 .concat [ 1 1 1 1], L_0x56434c5b68a0, L_0x56434c5b68a0, L_0x56434c5b68a0, L_0x56434c5b68a0;
LS_0x56434c5b69d0_0_12 .concat [ 1 1 1 1], L_0x56434c5b68a0, L_0x56434c5b68a0, L_0x56434c5b68a0, L_0x56434c5b68a0;
L_0x56434c5b69d0 .concat [ 4 4 4 4], LS_0x56434c5b69d0_0_0, LS_0x56434c5b69d0_0_4, LS_0x56434c5b69d0_0_8, LS_0x56434c5b69d0_0_12;
L_0x56434c5b6da0 .concat [ 16 16 0 0], v0x56434c59eff0_0, L_0x56434c5b69d0;
S_0x56434c59f990 .scope module, "u_Filter" "IIR_Filter" 4 188, 13 4 0, S_0x56434c592390;
 .timescale -9 -12;
    .port_info 0 /INPUT 1 "clk"
    .port_info 1 /INPUT 1 "rst"
    .port_info 2 /INPUT 1 "en"
    .port_info 3 /INPUT 16 "X"
    .port_info 4 /INPUT 16 "a0"
    .port_info 5 /INPUT 16 "a1"
    .port_info 6 /INPUT 16 "a2"
    .port_info 7 /INPUT 16 "b1"
    .port_info 8 /INPUT 16 "b2"
    .port_info 9 /OUTPUT 1 "valid"
    .port_info 10 /OUTPUT 32 "Y"
P_0x56434c59fb60 .param/l "N" 0 13 6, +C4<00000000000000000000000000010000>;
v0x56434c59fd40_0 .net "X", 15 0, v0x56434c59eff0_0;  alias, 1 drivers
v0x56434c59fe50_0 .var "X1", 15 0;
v0x56434c59ff30_0 .var "X2", 15 0;
v0x56434c59fff0_0 .var "Y", 31 0;
v0x56434c5a00d0_0 .var "Y1", 15 0;
v0x56434c5a0200_0 .var "Y2", 15 0;
v0x56434c5a02e0_0 .net "a0", 15 0, v0x56434c5a1900_0;  1 drivers
v0x56434c5a03c0_0 .net "a1", 15 0, v0x56434c5a19c0_0;  1 drivers
v0x56434c5a04a0_0 .net "a2", 15 0, v0x56434c5a1a90_0;  1 drivers
v0x56434c5a0580_0 .net "b1", 15 0, v0x56434c5a1c20_0;  1 drivers
v0x56434c5a0660_0 .net "b2", 15 0, v0x56434c5a1d10_0;  1 drivers
v0x56434c5a0740_0 .net "clk", 0 0, L_0x56434c50e6f0;  alias, 1 drivers
v0x56434c5a09f0_0 .net "en", 0 0, L_0x7fab1a67c0a8;  alias, 1 drivers
v0x56434c5a0a90_0 .net "rst", 0 0, L_0x56434c5104e0;  alias, 1 drivers
v0x56434c5a0d40_0 .var "valid", 0 0;
    .scope S_0x56434c57aba0;
T_0 ;
    %wait E_0x56434c5571f0;
    %load/vec4 v0x56434c4f7550_0;
    %flag_set/vec4 8;
    %jmp/0xz  T_0.0, 8;
    %pushi/vec4 0, 0, 16;
    %assign/vec4 v0x56434c573b60_0, 0;
    %jmp T_0.1;
T_0.0 ;
    %load/vec4 v0x56434c559250_0;
    %flag_set/vec4 8;
    %jmp/0xz  T_0.2, 8;
    %load/vec4 v0x56434c52d960_0;
    %assign/vec4 v0x56434c573b60_0, 0;
T_0.2 ;
T_0.1 ;
    %jmp T_0;
    .thread T_0;
    .scope S_0x56434c570710;
T_1 ;
    %wait E_0x56434c5571f0;
    %load/vec4 v0x56434c5920b0_0;
    %flag_set/vec4 8;
    %jmp/0xz  T_1.0, 8;
    %pushi/vec4 0, 0, 16;
    %assign/vec4 v0x56434c591df0_0, 0;
    %jmp T_1.1;
T_1.0 ;
    %load/vec4 v0x56434c592220_0;
    %flag_set/vec4 8;
    %jmp/0xz  T_1.2, 8;
    %load/vec4 v0x56434c592180_0;
    %assign/vec4 v0x56434c591df0_0, 0;
T_1.2 ;
T_1.1 ;
    %jmp T_1;
    .thread T_1;
    .scope S_0x56434c594530;
T_2 ;
    %pushi/vec4 0, 0, 4;
    %store/vec4 v0x56434c594ae0_0, 0, 4;
    %end;
    .thread T_2;
    .scope S_0x56434c594530;
T_3 ;
    %wait E_0x56434c567cd0;
    %load/vec4 v0x56434c594bc0_0;
    %flag_set/vec4 8;
    %jmp/0xz  T_3.0, 8;
    %pushi/vec4 0, 0, 16;
    %assign/vec4 v0x56434c594a20_0, 0;
    %pushi/vec4 0, 0, 4;
    %assign/vec4 v0x56434c594ae0_0, 0;
    %jmp T_3.1;
T_3.0 ;
    %load/vec4 v0x56434c594d00_0;
    %flag_set/vec4 8;
    %jmp/0xz  T_3.2, 8;
    %pushi/vec4 0, 0, 32;
    %load/vec4 v0x56434c594940_0;
    %pad/u 32;
    %cmp/u;
    %flag_or 5, 4;
    %flag_mov 8, 5;
    %load/vec4 v0x56434c594940_0;
    %pad/u 32;
    %cmpi/u 0, 0, 32;
    %flag_or 5, 4;
    %flag_or 5, 8;
    %jmp/0xz  T_3.4, 5;
    %load/vec4 v0x56434c594ae0_0;
    %addi 1, 0, 4;
    %assign/vec4 v0x56434c594ae0_0, 0;
    %load/vec4 v0x56434c594ae0_0;
    %pad/u 32;
    %cmpi/e 10, 0, 32;
    %jmp/0xz  T_3.6, 4;
    %load/vec4 v0x56434c594940_0;
    %assign/vec4 v0x56434c594a20_0, 0;
    %pushi/vec4 1, 0, 4;
    %assign/vec4 v0x56434c594ae0_0, 0;
T_3.6 ;
T_3.4 ;
T_3.2 ;
T_3.1 ;
    %jmp T_3;
    .thread T_3;
    .scope S_0x56434c594290;
T_4 ;
    %wait E_0x56434c567cd0;
    %load/vec4 v0x56434c597240_0;
    %flag_set/vec4 8;
    %jmp/0xz  T_4.0, 8;
    %pushi/vec4 0, 0, 16;
    %assign/vec4 v0x56434c595370_0, 0;
    %pushi/vec4 0, 0, 16;
    %assign/vec4 v0x56434c595430_0, 0;
    %pushi/vec4 0, 0, 16;
    %assign/vec4 v0x56434c595dd0_0, 0;
    %pushi/vec4 0, 0, 16;
    %assign/vec4 v0x56434c596770_0, 0;
    %pushi/vec4 0, 0, 16;
    %assign/vec4 v0x56434c596d00_0, 0;
    %pushi/vec4 0, 0, 16;
    %assign/vec4 v0x56434c596de0_0, 0;
    %pushi/vec4 0, 0, 16;
    %assign/vec4 v0x56434c596ec0_0, 0;
    %pushi/vec4 0, 0, 16;
    %assign/vec4 v0x56434c596fa0_0, 0;
    %pushi/vec4 0, 0, 16;
    %assign/vec4 v0x56434c597080_0, 0;
    %pushi/vec4 0, 0, 16;
    %assign/vec4 v0x56434c597160_0, 0;
    %pushi/vec4 0, 0, 16;
    %assign/vec4 v0x56434c595510_0, 0;
    %pushi/vec4 0, 0, 16;
    %assign/vec4 v0x56434c5955f0_0, 0;
    %pushi/vec4 0, 0, 16;
    %assign/vec4 v0x56434c5956d0_0, 0;
    %pushi/vec4 0, 0, 16;
    %assign/vec4 v0x56434c5957b0_0, 0;
    %pushi/vec4 0, 0, 16;
    %assign/vec4 v0x56434c595890_0, 0;
    %pushi/vec4 0, 0, 16;
    %assign/vec4 v0x56434c595970_0, 0;
    %pushi/vec4 0, 0, 16;
    %assign/vec4 v0x56434c595a50_0, 0;
    %pushi/vec4 0, 0, 16;
    %assign/vec4 v0x56434c595b30_0, 0;
    %pushi/vec4 0, 0, 16;
    %assign/vec4 v0x56434c595c10_0, 0;
    %pushi/vec4 0, 0, 16;
    %assign/vec4 v0x56434c595cf0_0, 0;
    %pushi/vec4 0, 0, 16;
    %assign/vec4 v0x56434c595eb0_0, 0;
    %pushi/vec4 0, 0, 16;
    %assign/vec4 v0x56434c595f90_0, 0;
    %pushi/vec4 0, 0, 16;
    %assign/vec4 v0x56434c596070_0, 0;
    %pushi/vec4 0, 0, 16;
    %assign/vec4 v0x56434c596150_0, 0;
    %pushi/vec4 0, 0, 16;
    %assign/vec4 v0x56434c596230_0, 0;
    %pushi/vec4 0, 0, 16;
    %assign/vec4 v0x56434c596310_0, 0;
    %pushi/vec4 0, 0, 16;
    %assign/vec4 v0x56434c5963f0_0, 0;
    %pushi/vec4 0, 0, 16;
    %assign/vec4 v0x56434c5964d0_0, 0;
    %pushi/vec4 0, 0, 16;
    %assign/vec4 v0x56434c5965b0_0, 0;
    %pushi/vec4 0, 0, 16;
    %assign/vec4 v0x56434c596690_0, 0;
    %pushi/vec4 0, 0, 16;
    %assign/vec4 v0x56434c596850_0, 0;
    %pushi/vec4 0, 0, 16;
    %assign/vec4 v0x56434c596930_0, 0;
    %pushi/vec4 0, 0, 16;
    %assign/vec4 v0x56434c596a10_0, 0;
    %pushi/vec4 0, 0, 16;
    %assign/vec4 v0x56434c595180_0, 0;
    %jmp T_4.1;
T_4.0 ;
    %load/vec4 v0x56434c597480_0;
    %flag_set/vec4 8;
    %jmp/0xz  T_4.2, 8;
    %load/vec4 v0x56434c5950c0_0;
    %pad/u 16;
    %assign/vec4 v0x56434c595370_0, 0;
    %load/vec4 v0x56434c595370_0;
    %assign/vec4 v0x56434c595430_0, 0;
    %load/vec4 v0x56434c595430_0;
    %assign/vec4 v0x56434c595dd0_0, 0;
    %load/vec4 v0x56434c595dd0_0;
    %assign/vec4 v0x56434c596770_0, 0;
    %load/vec4 v0x56434c596770_0;
    %assign/vec4 v0x56434c596d00_0, 0;
    %load/vec4 v0x56434c596d00_0;
    %assign/vec4 v0x56434c596de0_0, 0;
    %load/vec4 v0x56434c596de0_0;
    %assign/vec4 v0x56434c596ec0_0, 0;
    %load/vec4 v0x56434c596ec0_0;
    %assign/vec4 v0x56434c596fa0_0, 0;
    %load/vec4 v0x56434c596fa0_0;
    %assign/vec4 v0x56434c597080_0, 0;
    %load/vec4 v0x56434c597080_0;
    %assign/vec4 v0x56434c597160_0, 0;
    %load/vec4 v0x56434c597160_0;
    %assign/vec4 v0x56434c595510_0, 0;
    %load/vec4 v0x56434c595510_0;
    %assign/vec4 v0x56434c5955f0_0, 0;
    %load/vec4 v0x56434c5955f0_0;
    %assign/vec4 v0x56434c5956d0_0, 0;
    %load/vec4 v0x56434c5956d0_0;
    %assign/vec4 v0x56434c5957b0_0, 0;
    %load/vec4 v0x56434c5957b0_0;
    %assign/vec4 v0x56434c595890_0, 0;
    %load/vec4 v0x56434c595890_0;
    %assign/vec4 v0x56434c595970_0, 0;
    %load/vec4 v0x56434c595970_0;
    %assign/vec4 v0x56434c595a50_0, 0;
    %load/vec4 v0x56434c595a50_0;
    %assign/vec4 v0x56434c595b30_0, 0;
    %load/vec4 v0x56434c595b30_0;
    %assign/vec4 v0x56434c595c10_0, 0;
    %load/vec4 v0x56434c595c10_0;
    %assign/vec4 v0x56434c595cf0_0, 0;
    %load/vec4 v0x56434c595cf0_0;
    %assign/vec4 v0x56434c595eb0_0, 0;
    %load/vec4 v0x56434c595eb0_0;
    %assign/vec4 v0x56434c595f90_0, 0;
    %load/vec4 v0x56434c595f90_0;
    %assign/vec4 v0x56434c596070_0, 0;
    %load/vec4 v0x56434c596070_0;
    %assign/vec4 v0x56434c596150_0, 0;
    %load/vec4 v0x56434c596150_0;
    %assign/vec4 v0x56434c596230_0, 0;
    %load/vec4 v0x56434c596230_0;
    %assign/vec4 v0x56434c596310_0, 0;
    %load/vec4 v0x56434c596310_0;
    %assign/vec4 v0x56434c5963f0_0, 0;
    %load/vec4 v0x56434c5963f0_0;
    %assign/vec4 v0x56434c5964d0_0, 0;
    %load/vec4 v0x56434c5964d0_0;
    %assign/vec4 v0x56434c5965b0_0, 0;
    %load/vec4 v0x56434c5965b0_0;
    %assign/vec4 v0x56434c596690_0, 0;
    %load/vec4 v0x56434c596690_0;
    %assign/vec4 v0x56434c596850_0, 0;
    %load/vec4 v0x56434c596850_0;
    %assign/vec4 v0x56434c596930_0, 0;
    %load/vec4 v0x56434c5973c0_0;
    %assign/vec4 v0x56434c596a10_0, 0;
    %load/vec4 v0x56434c5952b0_0;
    %assign/vec4 v0x56434c595180_0, 0;
T_4.2 ;
T_4.1 ;
    %jmp T_4;
    .thread T_4;
    .scope S_0x56434c59ebc0;
T_5 ;
    %wait E_0x56434c567cd0;
    %load/vec4 v0x56434c59f240_0;
    %flag_set/vec4 8;
    %jmp/0xz  T_5.0, 8;
    %pushi/vec4 0, 0, 16;
    %assign/vec4 v0x56434c59eff0_0, 0;
    %jmp T_5.1;
T_5.0 ;
    %load/vec4 v0x56434c59f0d0_0;
    %flag_set/vec4 8;
    %jmp/0xz  T_5.2, 8;
    %load/vec4 v0x56434c59ef10_0;
    %assign/vec4 v0x56434c59eff0_0, 0;
T_5.2 ;
T_5.1 ;
    %jmp T_5;
    .thread T_5;
    .scope S_0x56434c59f990;
T_6 ;
    %wait E_0x56434c567cd0;
    %load/vec4 v0x56434c5a0a90_0;
    %cmpi/e 1, 0, 1;
    %jmp/0xz  T_6.0, 4;
    %pushi/vec4 0, 0, 16;
    %assign/vec4 v0x56434c5a00d0_0, 0;
    %pushi/vec4 0, 0, 16;
    %assign/vec4 v0x56434c5a0200_0, 0;
    %pushi/vec4 0, 0, 16;
    %assign/vec4 v0x56434c59fe50_0, 0;
    %pushi/vec4 0, 0, 16;
    %assign/vec4 v0x56434c59ff30_0, 0;
    %pushi/vec4 0, 0, 32;
    %assign/vec4 v0x56434c59fff0_0, 0;
    %pushi/vec4 0, 0, 1;
    %assign/vec4 v0x56434c5a0d40_0, 0;
    %jmp T_6.1;
T_6.0 ;
    %load/vec4 v0x56434c5a09f0_0;
    %cmpi/e 1, 0, 1;
    %jmp/0xz  T_6.2, 4;
    %load/vec4 v0x56434c59fff0_0;
    %pad/u 16;
    %assign/vec4 v0x56434c5a00d0_0, 0;
    %load/vec4 v0x56434c5a00d0_0;
    %assign/vec4 v0x56434c5a0200_0, 0;
    %load/vec4 v0x56434c59fd40_0;
    %assign/vec4 v0x56434c59fe50_0, 0;
    %load/vec4 v0x56434c59fe50_0;
    %assign/vec4 v0x56434c59ff30_0, 0;
    %load/vec4 v0x56434c59fd40_0;
    %pad/u 32;
    %load/vec4 v0x56434c5a02e0_0;
    %pad/u 32;
    %mul;
    %load/vec4 v0x56434c59fe50_0;
    %pad/u 32;
    %load/vec4 v0x56434c5a03c0_0;
    %pad/u 32;
    %mul;
    %add;
    %load/vec4 v0x56434c5a04a0_0;
    %pad/u 32;
    %load/vec4 v0x56434c59ff30_0;
    %pad/u 32;
    %mul;
    %add;
    %load/vec4 v0x56434c5a00d0_0;
    %pad/u 32;
    %load/vec4 v0x56434c5a0580_0;
    %pad/u 32;
    %mul;
    %sub;
    %load/vec4 v0x56434c5a0200_0;
    %pad/u 32;
    %load/vec4 v0x56434c5a0660_0;
    %pad/u 32;
    %mul;
    %add;
    %assign/vec4 v0x56434c59fff0_0, 0;
    %pushi/vec4 1, 0, 1;
    %assign/vec4 v0x56434c5a0d40_0, 0;
    %jmp T_6.3;
T_6.2 ;
    %pushi/vec4 0, 0, 1;
    %assign/vec4 v0x56434c5a0d40_0, 0;
T_6.3 ;
T_6.1 ;
    %jmp T_6;
    .thread T_6;
    .scope S_0x56434c599180;
T_7 ;
    %wait E_0x56434c567cd0;
    %load/vec4 v0x56434c5995e0_0;
    %flag_set/vec4 8;
    %jmp/0xz  T_7.0, 8;
    %pushi/vec4 0, 0, 32;
    %assign/vec4 v0x56434c5994f0_0, 0;
    %jmp T_7.1;
T_7.0 ;
    %load/vec4 v0x56434c599680_0;
    %flag_set/vec4 8;
    %jmp/0xz  T_7.2, 8;
    %load/vec4 v0x56434c599410_0;
    %assign/vec4 v0x56434c5994f0_0, 0;
T_7.2 ;
T_7.1 ;
    %jmp T_7;
    .thread T_7;
    .scope S_0x56434c599a50;
T_8 ;
    %wait E_0x56434c567cd0;
    %load/vec4 v0x56434c599fc0_0;
    %flag_set/vec4 8;
    %jmp/0xz  T_8.0, 8;
    %pushi/vec4 0, 0, 32;
    %assign/vec4 v0x56434c599ee0_0, 0;
    %jmp T_8.1;
T_8.0 ;
    %load/vec4 v0x56434c59a0b0_0;
    %flag_set/vec4 8;
    %jmp/0xz  T_8.2, 8;
    %load/vec4 v0x56434c599d80_0;
    %load/vec4 v0x56434c599e40_0;
    %add;
    %assign/vec4 v0x56434c599ee0_0, 0;
T_8.2 ;
T_8.1 ;
    %jmp T_8;
    .thread T_8;
    .scope S_0x56434c59a4e0;
T_9 ;
    %wait E_0x56434c567cd0;
    %load/vec4 v0x56434c59a950_0;
    %flag_set/vec4 8;
    %jmp/0xz  T_9.0, 8;
    %pushi/vec4 0, 0, 32;
    %assign/vec4 v0x56434c59a880_0, 0;
    %jmp T_9.1;
T_9.0 ;
    %load/vec4 v0x56434c59ab00_0;
    %flag_set/vec4 8;
    %jmp/0xz  T_9.2, 8;
    %load/vec4 v0x56434c59a770_0;
    %assign/vec4 v0x56434c59a880_0, 0;
T_9.2 ;
T_9.1 ;
    %jmp T_9;
    .thread T_9;
    .scope S_0x56434c59ae10;
T_10 ;
    %wait E_0x56434c567cd0;
    %load/vec4 v0x56434c59b3b0_0;
    %flag_set/vec4 8;
    %jmp/0xz  T_10.0, 8;
    %pushi/vec4 0, 0, 32;
    %assign/vec4 v0x56434c59b2d0_0, 0;
    %jmp T_10.1;
T_10.0 ;
    %load/vec4 v0x56434c59b4a0_0;
    %flag_set/vec4 8;
    %jmp/0xz  T_10.2, 8;
    %load/vec4 v0x56434c59b140_0;
    %load/vec4 v0x56434c59b200_0;
    %add;
    %assign/vec4 v0x56434c59b2d0_0, 0;
T_10.2 ;
T_10.1 ;
    %jmp T_10;
    .thread T_10;
    .scope S_0x56434c59b8f0;
T_11 ;
    %wait E_0x56434c567cd0;
    %load/vec4 v0x56434c59be10_0;
    %flag_set/vec4 8;
    %jmp/0xz  T_11.0, 8;
    %pushi/vec4 0, 0, 32;
    %assign/vec4 v0x56434c59bd40_0, 0;
    %jmp T_11.1;
T_11.0 ;
    %load/vec4 v0x56434c59beb0_0;
    %flag_set/vec4 8;
    %jmp/0xz  T_11.2, 8;
    %load/vec4 v0x56434c59bc30_0;
    %assign/vec4 v0x56434c59bd40_0, 0;
T_11.2 ;
T_11.1 ;
    %jmp T_11;
    .thread T_11;
    .scope S_0x56434c59c210;
T_12 ;
    %wait E_0x56434c567cd0;
    %load/vec4 v0x56434c59c7b0_0;
    %flag_set/vec4 8;
    %jmp/0xz  T_12.0, 8;
    %pushi/vec4 0, 0, 32;
    %assign/vec4 v0x56434c59c6d0_0, 0;
    %jmp T_12.1;
T_12.0 ;
    %load/vec4 v0x56434c59c8a0_0;
    %flag_set/vec4 8;
    %jmp/0xz  T_12.2, 8;
    %load/vec4 v0x56434c59c540_0;
    %load/vec4 v0x56434c59c600_0;
    %add;
    %assign/vec4 v0x56434c59c6d0_0, 0;
T_12.2 ;
T_12.1 ;
    %jmp T_12;
    .thread T_12;
    .scope S_0x56434c59cd10;
T_13 ;
    %wait E_0x56434c567cd0;
    %load/vec4 v0x56434c59d200_0;
    %flag_set/vec4 8;
    %jmp/0xz  T_13.0, 8;
    %pushi/vec4 0, 0, 32;
    %assign/vec4 v0x56434c59d130_0, 0;
    %jmp T_13.1;
T_13.0 ;
    %load/vec4 v0x56434c59d2a0_0;
    %flag_set/vec4 8;
    %jmp/0xz  T_13.2, 8;
    %load/vec4 v0x56434c59d020_0;
    %assign/vec4 v0x56434c59d130_0, 0;
T_13.2 ;
T_13.1 ;
    %jmp T_13;
    .thread T_13;
    .scope S_0x56434c59d710;
T_14 ;
    %wait E_0x56434c567cd0;
    %load/vec4 v0x56434c59dbe0_0;
    %flag_set/vec4 8;
    %jmp/0xz  T_14.0, 8;
    %pushi/vec4 0, 0, 32;
    %assign/vec4 v0x56434c59db10_0, 0;
    %jmp T_14.1;
T_14.0 ;
    %load/vec4 v0x56434c59dc80_0;
    %flag_set/vec4 8;
    %jmp/0xz  T_14.2, 8;
    %load/vec4 v0x56434c59da20_0;
    %ix/load 4, 2, 0;
    %flag_set/imm 4, 0;
    %shiftr 4;
    %assign/vec4 v0x56434c59db10_0, 0;
T_14.2 ;
T_14.1 ;
    %jmp T_14;
    .thread T_14;
    .scope S_0x56434c593320;
T_15 ;
    %wait E_0x56434c567cd0;
    %load/vec4 v0x56434c593970_0;
    %flag_set/vec4 8;
    %jmp/0xz  T_15.0, 8;
    %pushi/vec4 0, 0, 16;
    %assign/vec4 v0x56434c5936c0_0, 0;
    %jmp T_15.1;
T_15.0 ;
    %load/vec4 v0x56434c5937a0_0;
    %flag_set/vec4 8;
    %jmp/0xz  T_15.2, 8;
    %load/vec4 v0x56434c5935e0_0;
    %assign/vec4 v0x56434c5936c0_0, 0;
T_15.2 ;
T_15.1 ;
    %jmp T_15;
    .thread T_15;
    .scope S_0x56434c598580;
T_16 ;
    %pushi/vec4 0, 0, 8;
    %store/vec4 v0x56434c598990_0, 0, 8;
    %end;
    .thread T_16;
    .scope S_0x56434c598580;
T_17 ;
    %wait E_0x56434c567cd0;
    %load/vec4 v0x56434c598a60_0;
    %flag_set/vec4 8;
    %jmp/0xz  T_17.0, 8;
    %pushi/vec4 0, 0, 1;
    %assign/vec4 v0x56434c598b00_0, 0;
    %pushi/vec4 0, 0, 8;
    %assign/vec4 v0x56434c598990_0, 0;
    %jmp T_17.1;
T_17.0 ;
    %load/vec4 v0x56434c598990_0;
    %addi 1, 0, 8;
    %assign/vec4 v0x56434c598990_0, 0;
    %load/vec4 v0x56434c598990_0;
    %pad/u 32;
    %load/vec4 v0x56434c5987d0_0;
    %pad/u 32;
    %subi 1, 0, 32;
    %cmp/e;
    %jmp/0xz  T_17.2, 4;
    %pushi/vec4 1, 0, 1;
    %assign/vec4 v0x56434c598b00_0, 0;
    %pushi/vec4 0, 0, 8;
    %assign/vec4 v0x56434c598990_0, 0;
    %jmp T_17.3;
T_17.2 ;
    %pushi/vec4 0, 0, 1;
    %assign/vec4 v0x56434c598b00_0, 0;
T_17.3 ;
T_17.1 ;
    %jmp T_17;
    .thread T_17;
    .scope S_0x56434c592ad0;
T_18 ;
    %wait E_0x56434c567cd0;
    %load/vec4 v0x56434c593170_0;
    %flag_set/vec4 8;
    %jmp/0xz  T_18.0, 8;
    %pushi/vec4 0, 0, 16;
    %assign/vec4 v0x56434c592f00_0, 0;
    %jmp T_18.1;
T_18.0 ;
    %load/vec4 v0x56434c592fe0_0;
    %flag_set/vec4 8;
    %jmp/0xz  T_18.2, 8;
    %load/vec4 v0x56434c592e00_0;
    %assign/vec4 v0x56434c592f00_0, 0;
T_18.2 ;
T_18.1 ;
    %jmp T_18;
    .thread T_18;
    .scope S_0x56434c597e90;
T_19 ;
    %pushi/vec4 0, 0, 8;
    %store/vec4 v0x56434c5982d0_0, 0, 8;
    %end;
    .thread T_19;
    .scope S_0x56434c597e90;
T_20 ;
    %wait E_0x56434c567cd0;
    %load/vec4 v0x56434c5983a0_0;
    %flag_set/vec4 8;
    %jmp/0xz  T_20.0, 8;
    %pushi/vec4 0, 0, 1;
    %assign/vec4 v0x56434c598440_0, 0;
    %pushi/vec4 0, 0, 8;
    %assign/vec4 v0x56434c5982d0_0, 0;
    %jmp T_20.1;
T_20.0 ;
    %load/vec4 v0x56434c5982d0_0;
    %addi 1, 0, 8;
    %assign/vec4 v0x56434c5982d0_0, 0;
    %load/vec4 v0x56434c5982d0_0;
    %pad/u 32;
    %load/vec4 v0x56434c598130_0;
    %pad/u 32;
    %subi 1, 0, 32;
    %cmp/e;
    %jmp/0xz  T_20.2, 4;
    %pushi/vec4 1, 0, 1;
    %assign/vec4 v0x56434c598440_0, 0;
    %pushi/vec4 0, 0, 8;
    %assign/vec4 v0x56434c5982d0_0, 0;
    %jmp T_20.3;
T_20.2 ;
    %pushi/vec4 0, 0, 1;
    %assign/vec4 v0x56434c598440_0, 0;
T_20.3 ;
T_20.1 ;
    %jmp T_20;
    .thread T_20;
    .scope S_0x56434c592390;
T_21 ;
    %wait E_0x56434c567cd0;
    %load/vec4 v0x56434c5a37e0_0;
    %flag_set/vec4 8;
    %jmp/0xz  T_21.0, 8;
    %pushi/vec4 0, 0, 1;
    %assign/vec4 v0x56434c5a3fb0_0, 0;
    %pushi/vec4 0, 0, 16;
    %assign/vec4 v0x56434c5a1900_0, 0;
    %pushi/vec4 0, 0, 16;
    %assign/vec4 v0x56434c5a19c0_0, 0;
    %pushi/vec4 0, 0, 16;
    %assign/vec4 v0x56434c5a1a90_0, 0;
    %pushi/vec4 0, 0, 16;
    %assign/vec4 v0x56434c5a1c20_0, 0;
    %pushi/vec4 0, 0, 16;
    %assign/vec4 v0x56434c5a1d10_0, 0;
    %pushi/vec4 9, 0, 8;
    %assign/vec4 v0x56434c5a3470_0, 0;
    %pushi/vec4 101, 0, 8;
    %assign/vec4 v0x56434c5a3080_0, 0;
    %jmp T_21.1;
T_21.0 ;
    %pushi/vec4 0, 0, 1;
    %assign/vec4 v0x56434c5a3fb0_0, 0;
    %load/vec4 v0x56434c5a3ad0_0;
    %flag_set/vec4 8;
    %jmp/0xz  T_21.2, 8;
    %load/vec4 v0x56434c5a3c50_0;
    %parti/s 4, 2, 3;
    %dup/vec4;
    %pushi/vec4 0, 0, 4;
    %cmp/u;
    %jmp/1 T_21.4, 6;
    %dup/vec4;
    %pushi/vec4 1, 0, 4;
    %cmp/u;
    %jmp/1 T_21.5, 6;
    %dup/vec4;
    %pushi/vec4 2, 0, 4;
    %cmp/u;
    %jmp/1 T_21.6, 6;
    %dup/vec4;
    %pushi/vec4 3, 0, 4;
    %cmp/u;
    %jmp/1 T_21.7, 6;
    %dup/vec4;
    %pushi/vec4 4, 0, 4;
    %cmp/u;
    %jmp/1 T_21.8, 6;
    %dup/vec4;
    %pushi/vec4 5, 0, 4;
    %cmp/u;
    %jmp/1 T_21.9, 6;
    %dup/vec4;
    %pushi/vec4 6, 0, 4;
    %cmp/u;
    %jmp/1 T_21.10, 6;
    %dup/vec4;
    %pushi/vec4 7, 0, 4;
    %cmp/u;
    %jmp/1 T_21.11, 6;
    %jmp T_21.13;
T_21.4 ;
    %load/vec4 v0x56434c5a3df0_0;
    %pad/u 16;
    %assign/vec4 v0x56434c5a20c0_0, 0;
    %jmp T_21.13;
T_21.5 ;
    %load/vec4 v0x56434c5a3df0_0;
    %pad/u 16;
    %assign/vec4 v0x56434c5a1900_0, 0;
    %jmp T_21.13;
T_21.6 ;
    %load/vec4 v0x56434c5a3df0_0;
    %pad/u 16;
    %assign/vec4 v0x56434c5a19c0_0, 0;
    %jmp T_21.13;
T_21.7 ;
    %load/vec4 v0x56434c5a3df0_0;
    %pad/u 16;
    %assign/vec4 v0x56434c5a1a90_0, 0;
    %jmp T_21.13;
T_21.8 ;
    %load/vec4 v0x56434c5a3df0_0;
    %pad/u 16;
    %assign/vec4 v0x56434c5a1c20_0, 0;
    %jmp T_21.13;
T_21.9 ;
    %load/vec4 v0x56434c5a3df0_0;
    %pad/u 16;
    %assign/vec4 v0x56434c5a1d10_0, 0;
    %jmp T_21.13;
T_21.10 ;
    %load/vec4 v0x56434c5a3df0_0;
    %pad/u 16;
    %assign/vec4 v0x56434c5a1b60_0, 0;
    %jmp T_21.13;
T_21.11 ;
    %load/vec4 v0x56434c5a3df0_0;
    %assign/vec4 v0x56434c5a3880_0, 0;
    %jmp T_21.13;
T_21.13 ;
    %pop/vec4 1;
    %pushi/vec4 1, 0, 1;
    %assign/vec4 v0x56434c5a3fb0_0, 0;
T_21.2 ;
T_21.1 ;
    %jmp T_21;
    .thread T_21;
    .scope S_0x56434c57ae00;
T_22 ;
    %pushi/vec4 0, 0, 1;
    %store/vec4 v0x56434c5a4f50_0, 0, 1;
T_22.0 ;
    %delay 10000, 0;
    %load/vec4 v0x56434c5a4f50_0;
    %inv;
    %store/vec4 v0x56434c5a4f50_0, 0, 1;
    %jmp T_22.0;
    %end;
    .thread T_22;
    .scope S_0x56434c57ae00;
T_23 ;
    %pushi/vec4 0, 0, 1;
    %store/vec4 v0x56434c5a5020_0, 0, 1;
    %pushi/vec4 1, 0, 1;
    %ix/load 4, 0, 0;
    %flag_set/imm 4, 0;
    %store/vec4 v0x56434c5a4c20_0, 4, 1;
    %pushi/vec4 0, 0, 16;
    %store/vec4 v0x56434c5a4e90_0, 0, 16;
    %delay 20000, 0;
    %pushi/vec4 1, 0, 1;
    %store/vec4 v0x56434c5a5020_0, 0, 1;
    %delay 20000, 0;
    %pushi/vec4 0, 0, 1;
    %store/vec4 v0x56434c5a5020_0, 0, 1;
    %delay 20000000, 0;
    %vpi_call 3 76 "$finish" {0 0 0};
    %end;
    .thread T_23;
    .scope S_0x56434c57ae00;
T_24 ;
    %vpi_call 3 80 "$monitor", "%t  clk = %d rst = %d ", $time, v0x56434c5a4f50_0, v0x56434c5a5020_0 {0 0 0};
    %vpi_call 3 81 "$dumpfile", "dump.vcd" {0 0 0};
    %vpi_call 3 82 "$dumpvars" {0 0 0};
    %end;
    .thread T_24;
# The file index is used to find the file name in the following table.
:file_names 14;
    "N/A";
    "<interactive>";
    "cic.v";
    "soc_tb.v";
    "sonarOnChip.v";
    "./include/wbs_mmap.v";
    "reg.v";
    "abs.v";
    "comparator.v";
    "clk_div.v";
    "MAF_Filter.v";
    "multiplier.v";
    "signext.v";
    "IIR_Filter.v";
